
                                                     15:01:11   15/02/1999

 PROGRAM FOR PRELIMINARY PROCESSING OF INPUT DATA            VERSION  1995

                   ***     ZCW   i(pseudo) at 0,1/4,0     ***                   

 UNIT CELL:       A =  12.580       B =  14.380       C =  11.000
              ALPHA =  90.00     BETA = 114.60    GAMMA =  90.00

 SPACE GROUP:                   P 21            

 EQUIVALENT POSITIONS:
                       1.      X         Y         Z    
                       2.     -X         Y+1/2    -Z    

 UNIT CELL CONTENTS:
                       ATOM   NUMBER IN CELL  ATOMIC NUMBER
                          C          68             6
                          N           2             7
                          O          22             8
                          I           2            53

 SCATTERING FACTOR CONSTANTS:

       F=AA*EXP(-A*RHO)+BB*EXP(-B*RHO)+CC*EXP(-C*RHO)+DD*EXP(-D*RHO)+E

        AA       A      BB       B      CC       C      DD       D       E
  C   2.310  20.844   1.020  10.208   1.589    .569    .865  51.651    .216
  N  12.213    .006   3.132   9.893   2.013  28.997   1.166    .583 -11.529
  O   3.049  13.277   2.287   5.701   1.546    .324    .867  32.909    .251
  I  20.147   4.347  18.995    .381   7.514  27.766   2.273  66.878   4.071

 NUMBER OF ATOMS IN ASYMMETRIC UNIT = 47.00

 NUMBER OF REFLEXIONS =  3705
 MAXIMUM (SIN(THETA)/LAMBDA)**2 =  .3916
 NUMBER OF POINTS ON WILSON PLOT = 18


 DETERMINE B VALUE AND SCALING FACTOR FOR    ALL REFLEXIONS

                                            EXP(-2*B*RHO)*E**2
 RANGE  (SIN/LAM)**2  NUMBER  MEAN RHO  MEAN I     MEAN     DEBYE     WILSON
   1   .0000 - .0435   270     .0262    5675.2    .8878    -.1190     -.1190
   2   .0218 - .0653   406     .0455    3615.3    .7224    -.3252     -.3252
   3   .0435 - .0870   515     .0669    2585.2    .6175    -.4821     -.4821
   4   .0653 - .1088   593     .0885    1717.4    .4751    -.7443     -.7443
   5   .0870 - .1305   631     .1097    1159.4    .3628   -1.0139    -1.0139
   6   .1088 - .1523   688     .1311     842.7    .2943   -1.2232    -1.2232
   7   .1305 - .1740   775     .1525     655.7    .2501   -1.3859    -1.3859
   8   .1523 - .1958   824     .1738     495.6    .2046   -1.5866    -1.5866
   9   .1740 - .2176   876     .1960     367.2    .1633   -1.8119    -1.8119
  10   .1958 - .2393   939     .2177     279.8    .1331   -2.0170    -2.0170
  11   .2176 - .2611   974     .2397     200.7    .1015   -2.2873    -2.2873
  12   .2393 - .2828  1022     .2619     133.1    .0717   -2.6357    -2.6357
  13   .2611 - .3046  1033     .2830      95.6    .0542   -2.9147    -2.9147
  14   .2828 - .3263  1040     .3046      69.8    .0417   -3.1782    -3.1782
  15   .3046 - .3481  1069     .3259      50.3    .0314   -3.4605    -3.4605
  16   .3263 - .3698  1036     .3475      37.7    .0248   -3.6982    -3.6982
  17   .3481 - .3916   973     .3693      29.8    .0204   -3.8932    -3.8932
  18   .3698 - .3916   472     .3804      24.2    .0169   -4.0794    -4.0794
 NORMAL EQUATIONS
    .893E+03 * SLOPE +   .327E+04 * INTERCEPT =  -.912E+04
    .327E+04 * SLOPE +   .141E+05 * INTERCEPT =  -.327E+05

 SLOPE=-11.357 INTERCEPT=  .313  TEMPERATURE FACTOR(B)=   5.68 SCALE=    .73
                    SQRT(SCALE)*F(OBS) = EXP(-B*RHO)*F(CAL)


         *** AUTOMATIC SEARCH FOR PSEUDO - SYSTEMATIC EXTINCTION ***
                           928  LARGEST E**2 WERE USED


   H SIGMA  K SIGMA  L SIGMA   DELTA H SIGMA  DELTA K SIGMA  DELTA L SIGMA
      E**2     E**2     E**2            E**2           E**2           E**2

   1 219.8  1 135.5  1 237.1         1 1076.4       1  565.4       1  716.4
   2 181.1  2 130.7  2 198.2         2  503.2       2 1144.0       2 1132.8
   3 203.6  3 132.6  3 204.1         3  474.8       3  518.8       3 1173.9
   4 218.4  4 141.7  4 201.5         4  664.6       4  998.5       4  498.7
   5 200.5  5 141.5  5 196.3         5  769.8       5  340.4       5  911.0
   6 174.5  6 135.4  6 200.9         6  468.4       6  980.3       6  574.2
   7 155.8  7 145.2  7 182.4         7  268.3       7  267.2       7  452.8
   8 132.2  8 116.1  8 171.9         8  138.2       8  624.3       8  636.0
   9 132.5  9 138.4  9 129.6         9  179.6       9  228.9       9  304.3
  10 116.2 10 135.9 10  88.6        10  167.3      10  494.7      10  509.9
  11  76.9 11 139.5 11  70.2        11  101.1      11  123.3      11  413.9
  12  70.3 12 125.7 12  53.7        12   12.8      12  243.3      12  197.1
  13  52.1 13  85.0 13    .0        13     .0      13   67.0      13  461.1
  14   2.1 14  92.0 14    .0        14     .0      14  166.0      14  156.6
  15    .0 15  48.7 15    .0        15     .0      15    9.5      15  182.0
  16    .0 16  32.7 16    .0        16     .0      16   40.2      16  237.7

             *** NO PSEUDO-TRANSLATIONAL SYMMETRY HAS BEEN FOUND ***


                                                     15:01:11   15/02/1999
***     ZCW   i(pseudo) at 0,1/4,0     ***
CONTENTS-UNIT-CELL      C 68   N 2   O 22   I 2
CELL-DIMENSIONS         12.58 14.38 11.00 90 114.6 90 
SPACE-GROUP             P 21
DATA-FILE-HKL           E:\SAPI\SAMPLES\ZCW\ZCW.HKL
NR-PEAKS-TO-LIST        100
AUTO-PATTERSON          
NO-JOIN                 
END                     
